<?xml version="1.0" encoding="UTF-8"?>
<!-- Generated by org.testng.reporters.JUnitXMLReporter -->
<testsuite hostname="Janas-MBP.local.tld" ignored="2" name="All Functionalities" tests="9" failures="0" timestamp="2023-01-22T11:15:40 CST" time="124.844" errors="0">
  <testcase name="validatingCheckBox" time="3.282" classname="scripts.TechGlobalCheckBoxPageTest"/>
  <testcase name="morePracticeCheckBoxes" time="1.142" classname="scripts.TechGlobalCheckBoxPageTest"/>
  <testcase name="dynamicElementsTest_box1" time="0.837" classname="scripts.TechGlobalDynamicElementsTest"/>
  <testcase name="dynamicElementsTest_box2" time="0.852" classname="scripts.TechGlobalDynamicElementsTest"/>
  <testcase name="validateFrontendTestingURL" time="0.875" classname="scripts.TechGlobalFrontendTestingHomeTest"/>
  <testcase name="validateTechGlobalHeaderDropdownOptions" time="0.471" classname="scripts.TechGlobalHeaderTest"/>
  <testcase name="radioButtonsValidation" time="1.171" classname="scripts.TechGlobalRadioButtonPageTest"/>
  <testcase name="validationOfMorePracticeRadioButton" time="1.346" classname="scripts.TechGlobalRadioButtonPageTest"/>
  <testcase name="validateRedBox" time="36.116" classname="scripts.TechGlobalWaitPageTest"/>
  <testcase name="validateFrontendTestingCards" time="0.0" classname="scripts.TechGlobalFrontendTestingHomeTest">
    <ignored/>
  </testcase> <!-- validateFrontendTestingCards -->
  <testcase name="validateTechGlobalHeaderDropdown" time="0.0" classname="scripts.TechGlobalHeaderTest">
    <ignored/>
  </testcase> <!-- validateTechGlobalHeaderDropdown -->
</testsuite> <!-- All Functionalities -->
