<?xml version="1.0" encoding="UTF-8"?>
<!-- Generated by org.testng.reporters.JUnitXMLReporter -->
<testsuite hostname="Janas-MacBook-Pro.local" ignored="2" name="All Functionalities" tests="15" failures="0" timestamp="2023-01-23T23:46:13 CST" time="211.242" errors="0">
  <testcase name="validatingCheckBox" time="3.227" classname="scripts.TechGlobalCheckBoxPageTest"/>
  <testcase name="morePracticeCheckBoxes" time="1.167" classname="scripts.TechGlobalCheckBoxPageTest"/>
  <testcase name="dynamicElementsTest_box1" time="0.892" classname="scripts.TechGlobalDynamicElementsTest"/>
  <testcase name="dynamicElementsTest_box2" time="0.883" classname="scripts.TechGlobalDynamicElementsTest"/>
  <testcase name="validateFrontendTestingURL" time="1.001" classname="scripts.TechGlobalFrontendTestingHomeTest"/>
  <testcase name="validateTechGlobalHeaderDropdownOptions" time="0.424" classname="scripts.TechGlobalHeaderTest"/>
  <testcase name="radioButtonsValidation" time="1.415" classname="scripts.TechGlobalRadioButtonPageTest"/>
  <testcase name="validationOfMorePracticeRadioButton" time="1.18" classname="scripts.TechGlobalRadioButtonPageTest"/>
  <testcase name="validateRedBox" time="36.047" classname="scripts.TechGlobalWaitPageTest"/>
  <testcase name="selectDeliveryOption" time="5.258" classname="scripts.TechGlobalDropdownsTest"/>
  <testcase name="selectProductOption" time="0.131" classname="scripts.TechGlobalDropdownsTest"/>
  <testcase name="selectColorOption" time="0.141" classname="scripts.TechGlobalDropdownsTest"/>
  <testcase name="validateTheItemSelected" time="5.494" classname="scripts.TechGlobalDropdownsTest"/>
  <testcase name="validateTheAppleLink" time="4.736" classname="scripts.TechGlobalMultipleWindowsTest"/>
  <testcase name="validateLinkURLs" time="7.687" classname="scripts.TechGlobalMultipleWindowsTest"/>
  <testcase name="validateFrontendTestingCards" time="0.0" classname="scripts.TechGlobalFrontendTestingHomeTest">
    <ignored/>
  </testcase> <!-- validateFrontendTestingCards -->
  <testcase name="validateTechGlobalHeaderDropdown" time="0.0" classname="scripts.TechGlobalHeaderTest">
    <ignored/>
  </testcase> <!-- validateTechGlobalHeaderDropdown -->
</testsuite> <!-- All Functionalities -->
