<?xml version="1.0" encoding="UTF-8"?>
<!-- Generated by org.testng.reporters.JUnitXMLReporter -->
<testsuite hostname="Janas-MBP.local.tld" ignored="0" name="Command line test" tests="3" failures="0" timestamp="2023-01-15T11:50:57 CST" time="49.323" errors="0">
  <testcase name="validateTechGlobalLogo" time="0.219" classname="scripts.TechGlobalLogoTest"/>
  <testcase name="validateTechGlobalHeaderDropdown" time="0.301" classname="scripts.TechGlobalHeaderTest"/>
  <testcase name="validateTechGlobalHeaderDropdownOptions" time="0.695" classname="scripts.TechGlobalHeaderTest"/>
</testsuite> <!-- Command line test -->
