<?xml version="1.0" encoding="UTF-8"?>
<!-- Generated by org.testng.reporters.JUnitXMLReporter -->
<testsuite hostname="Janas-MBP.local.tld" ignored="0" name="Command line test" tests="5" failures="0" timestamp="2023-01-15T15:51:20 CST" time="65.545" errors="0">
  <testcase name="validateFrontendTestingCards" time="3.262" classname="scripts.TechGlobalFrontendTestingHomeTest"/>
  <testcase name="validateFrontendTestingURL" time="1.197" classname="scripts.TechGlobalFrontendTestingHomeTest"/>
  <testcase name="validateTechGlobalLogo" time="0.271" classname="scripts.TechGlobalLogoTest"/>
  <testcase name="validateTechGlobalHeaderDropdown" time="0.369" classname="scripts.TechGlobalHeaderTest"/>
  <testcase name="validateTechGlobalHeaderDropdownOptions" time="0.652" classname="scripts.TechGlobalHeaderTest"/>
</testsuite> <!-- Command line test -->
