<?xml version="1.0" encoding="UTF-8"?>
<testng-results skipped="0" failed="0" ignored="2" total="17" passed="15">
  <reporter-output>
  </reporter-output>
  <suite name="Regression" duration-ms="211242" started-at="2023-01-23T23:42:42 CST" finished-at="2023-01-23T23:46:13 CST">
    <groups>
    </groups>
    <test name="All Functionalities" duration-ms="211242" started-at="2023-01-23T23:42:42 CST" finished-at="2023-01-23T23:46:13 CST">
      <class name="scripts.TechGlobalFrontendTestingHomeTest">
        <test-method status="PASS" signature="setup()[pri:0, instance:scripts.TechGlobalFrontendTestingHomeTest@3abbfa04]" name="setup" is-config="true" duration-ms="8282" started-at="2023-01-23T23:43:28 CST" finished-at="2023-01-23T23:43:36 CST">
          <reporter-output>
          </reporter-output>
        </test-method> <!-- setup -->
        <test-method status="PASS" signature="setPage()[pri:0, instance:scripts.TechGlobalFrontendTestingHomeTest@3abbfa04]" name="setPage" is-config="true" duration-ms="4" started-at="2023-01-23T23:43:36 CST" finished-at="2023-01-23T23:43:36 CST">
          <reporter-output>
          </reporter-output>
        </test-method> <!-- setPage -->
        <test-method status="PASS" signature="validateFrontendTestingURL()[pri:2, instance:scripts.TechGlobalFrontendTestingHomeTest@3abbfa04]" name="validateFrontendTestingURL" duration-ms="1001" started-at="2023-01-23T23:43:36 CST" description="Validate URL" finished-at="2023-01-23T23:43:37 CST">
          <reporter-output>
          </reporter-output>
        </test-method> <!-- validateFrontendTestingURL -->
        <test-method status="PASS" signature="teardown()[pri:0, instance:scripts.TechGlobalFrontendTestingHomeTest@3abbfa04]" name="teardown" is-config="true" duration-ms="100" started-at="2023-01-23T23:43:37 CST" finished-at="2023-01-23T23:43:37 CST">
          <reporter-output>
          </reporter-output>
        </test-method> <!-- teardown -->
      </class> <!-- scripts.TechGlobalFrontendTestingHomeTest -->
      <class name="scripts.TechGlobalDynamicElementsTest">
        <test-method status="PASS" signature="setup()[pri:0, instance:scripts.TechGlobalDynamicElementsTest@239963d8]" name="setup" is-config="true" duration-ms="8355" started-at="2023-01-23T23:43:09 CST" finished-at="2023-01-23T23:43:17 CST">
          <reporter-output>
          </reporter-output>
        </test-method> <!-- setup -->
        <test-method status="PASS" signature="setPage()[pri:0, instance:scripts.TechGlobalDynamicElementsTest@239963d8]" name="setPage" is-config="true" duration-ms="8" started-at="2023-01-23T23:43:17 CST" finished-at="2023-01-23T23:43:17 CST">
          <reporter-output>
          </reporter-output>
        </test-method> <!-- setPage -->
        <test-method status="PASS" signature="dynamicElementsTest_box1()[pri:1, instance:scripts.TechGlobalDynamicElementsTest@239963d8]" name="dynamicElementsTest_box1" duration-ms="892" started-at="2023-01-23T23:43:17 CST" description="Testing dynamic WebElements_box1" finished-at="2023-01-23T23:43:18 CST">
          <reporter-output>
          </reporter-output>
        </test-method> <!-- dynamicElementsTest_box1 -->
        <test-method status="PASS" signature="teardown()[pri:0, instance:scripts.TechGlobalDynamicElementsTest@239963d8]" name="teardown" is-config="true" duration-ms="90" started-at="2023-01-23T23:43:18 CST" finished-at="2023-01-23T23:43:18 CST">
          <reporter-output>
          </reporter-output>
        </test-method> <!-- teardown -->
        <test-method status="PASS" signature="setup()[pri:0, instance:scripts.TechGlobalDynamicElementsTest@239963d8]" name="setup" is-config="true" duration-ms="8545" started-at="2023-01-23T23:43:18 CST" finished-at="2023-01-23T23:43:27 CST">
          <reporter-output>
          </reporter-output>
        </test-method> <!-- setup -->
        <test-method status="PASS" signature="setPage()[pri:0, instance:scripts.TechGlobalDynamicElementsTest@239963d8]" name="setPage" is-config="true" duration-ms="4" started-at="2023-01-23T23:43:27 CST" finished-at="2023-01-23T23:43:27 CST">
          <reporter-output>
          </reporter-output>
        </test-method> <!-- setPage -->
        <test-method status="PASS" signature="dynamicElementsTest_box2()[pri:2, instance:scripts.TechGlobalDynamicElementsTest@239963d8]" name="dynamicElementsTest_box2" duration-ms="883" started-at="2023-01-23T23:43:27 CST" description="Testing dynamic WebElements_box2" finished-at="2023-01-23T23:43:28 CST">
          <reporter-output>
          </reporter-output>
        </test-method> <!-- dynamicElementsTest_box2 -->
        <test-method status="PASS" signature="teardown()[pri:0, instance:scripts.TechGlobalDynamicElementsTest@239963d8]" name="teardown" is-config="true" duration-ms="102" started-at="2023-01-23T23:43:28 CST" finished-at="2023-01-23T23:43:28 CST">
          <reporter-output>
          </reporter-output>
        </test-method> <!-- teardown -->
      </class> <!-- scripts.TechGlobalDynamicElementsTest -->
      <class name="scripts.TechGlobalWaitPageTest">
        <test-method status="PASS" signature="setup()[pri:0, instance:scripts.TechGlobalWaitPageTest@598067a5]" name="setup" is-config="true" duration-ms="8549" started-at="2023-01-23T23:44:07 CST" finished-at="2023-01-23T23:44:15 CST">
          <reporter-output>
          </reporter-output>
        </test-method> <!-- setup -->
        <test-method status="PASS" signature="setPage()[pri:0, instance:scripts.TechGlobalWaitPageTest@598067a5]" name="setPage" is-config="true" duration-ms="15" started-at="2023-01-23T23:44:15 CST" finished-at="2023-01-23T23:44:15 CST">
          <reporter-output>
          </reporter-output>
        </test-method> <!-- setPage -->
        <test-method status="PASS" signature="validateRedBox()[pri:1, instance:scripts.TechGlobalWaitPageTest@598067a5]" name="validateRedBox" duration-ms="36047" started-at="2023-01-23T23:44:15 CST" description="Validate red box is visible" finished-at="2023-01-23T23:44:51 CST">
          <reporter-output>
          </reporter-output>
        </test-method> <!-- validateRedBox -->
        <test-method status="PASS" signature="teardown()[pri:0, instance:scripts.TechGlobalWaitPageTest@598067a5]" name="teardown" is-config="true" duration-ms="106" started-at="2023-01-23T23:44:51 CST" finished-at="2023-01-23T23:44:51 CST">
          <reporter-output>
          </reporter-output>
        </test-method> <!-- teardown -->
      </class> <!-- scripts.TechGlobalWaitPageTest -->
      <class name="scripts.TechGlobalRadioButtonPageTest">
        <test-method status="PASS" signature="setup()[pri:0, instance:scripts.TechGlobalRadioButtonPageTest@31ef45e3]" name="setup" is-config="true" duration-ms="8996" started-at="2023-01-23T23:43:46 CST" finished-at="2023-01-23T23:43:55 CST">
          <reporter-output>
          </reporter-output>
        </test-method> <!-- setup -->
        <test-method status="PASS" signature="setPage()[pri:0, instance:scripts.TechGlobalRadioButtonPageTest@31ef45e3]" name="setPage" is-config="true" duration-ms="12" started-at="2023-01-23T23:43:55 CST" finished-at="2023-01-23T23:43:55 CST">
          <reporter-output>
          </reporter-output>
        </test-method> <!-- setPage -->
        <test-method status="PASS" signature="radioButtonsValidation()[pri:1, instance:scripts.TechGlobalRadioButtonPageTest@31ef45e3]" name="radioButtonsValidation" duration-ms="1415" started-at="2023-01-23T23:43:55 CST" description="Validating TechGlobal languages radio button" finished-at="2023-01-23T23:43:57 CST">
          <reporter-output>
          </reporter-output>
        </test-method> <!-- radioButtonsValidation -->
        <test-method status="PASS" signature="teardown()[pri:0, instance:scripts.TechGlobalRadioButtonPageTest@31ef45e3]" name="teardown" is-config="true" duration-ms="95" started-at="2023-01-23T23:43:57 CST" finished-at="2023-01-23T23:43:57 CST">
          <reporter-output>
          </reporter-output>
        </test-method> <!-- teardown -->
        <test-method status="PASS" signature="setup()[pri:0, instance:scripts.TechGlobalRadioButtonPageTest@31ef45e3]" name="setup" is-config="true" duration-ms="8394" started-at="2023-01-23T23:43:57 CST" finished-at="2023-01-23T23:44:05 CST">
          <reporter-output>
          </reporter-output>
        </test-method> <!-- setup -->
        <test-method status="PASS" signature="setPage()[pri:0, instance:scripts.TechGlobalRadioButtonPageTest@31ef45e3]" name="setPage" is-config="true" duration-ms="4" started-at="2023-01-23T23:44:05 CST" finished-at="2023-01-23T23:44:05 CST">
          <reporter-output>
          </reporter-output>
        </test-method> <!-- setPage -->
        <test-method status="PASS" signature="validationOfMorePracticeRadioButton()[pri:2, instance:scripts.TechGlobalRadioButtonPageTest@31ef45e3]" name="validationOfMorePracticeRadioButton" duration-ms="1180" started-at="2023-01-23T23:44:05 CST" description="Validation more practice radio button" finished-at="2023-01-23T23:44:06 CST">
          <reporter-output>
          </reporter-output>
        </test-method> <!-- validationOfMorePracticeRadioButton -->
        <test-method status="PASS" signature="teardown()[pri:0, instance:scripts.TechGlobalRadioButtonPageTest@31ef45e3]" name="teardown" is-config="true" duration-ms="89" started-at="2023-01-23T23:44:06 CST" finished-at="2023-01-23T23:44:06 CST">
          <reporter-output>
          </reporter-output>
        </test-method> <!-- teardown -->
      </class> <!-- scripts.TechGlobalRadioButtonPageTest -->
      <class name="scripts.TechGlobalCheckBoxPageTest">
        <test-method status="PASS" signature="setup()[pri:0, instance:scripts.TechGlobalCheckBoxPageTest@13deb50e]" name="setup" is-config="true" duration-ms="14110" started-at="2023-01-23T23:42:42 CST" finished-at="2023-01-23T23:42:56 CST">
          <reporter-output>
          </reporter-output>
        </test-method> <!-- setup -->
        <test-method status="PASS" signature="setUp()[pri:0, instance:scripts.TechGlobalCheckBoxPageTest@13deb50e]" name="setUp" is-config="true" duration-ms="8" started-at="2023-01-23T23:42:56 CST" finished-at="2023-01-23T23:42:56 CST">
          <reporter-output>
          </reporter-output>
        </test-method> <!-- setUp -->
        <test-method status="PASS" signature="validatingCheckBox()[pri:1, instance:scripts.TechGlobalCheckBoxPageTest@13deb50e]" name="validatingCheckBox" duration-ms="3227" started-at="2023-01-23T23:42:56 CST" description="validate checkbox" finished-at="2023-01-23T23:42:59 CST">
          <reporter-output>
          </reporter-output>
        </test-method> <!-- validatingCheckBox -->
        <test-method status="PASS" signature="teardown()[pri:0, instance:scripts.TechGlobalCheckBoxPageTest@13deb50e]" name="teardown" is-config="true" duration-ms="89" started-at="2023-01-23T23:42:59 CST" finished-at="2023-01-23T23:42:59 CST">
          <reporter-output>
          </reporter-output>
        </test-method> <!-- teardown -->
        <test-method status="PASS" signature="setup()[pri:0, instance:scripts.TechGlobalCheckBoxPageTest@13deb50e]" name="setup" is-config="true" duration-ms="8453" started-at="2023-01-23T23:42:59 CST" finished-at="2023-01-23T23:43:08 CST">
          <reporter-output>
          </reporter-output>
        </test-method> <!-- setup -->
        <test-method status="PASS" signature="setUp()[pri:0, instance:scripts.TechGlobalCheckBoxPageTest@13deb50e]" name="setUp" is-config="true" duration-ms="2" started-at="2023-01-23T23:43:08 CST" finished-at="2023-01-23T23:43:08 CST">
          <reporter-output>
          </reporter-output>
        </test-method> <!-- setUp -->
        <test-method status="PASS" signature="morePracticeCheckBoxes()[pri:2, instance:scripts.TechGlobalCheckBoxPageTest@13deb50e]" name="morePracticeCheckBoxes" duration-ms="1167" started-at="2023-01-23T23:43:08 CST" description="validate more practice check boxes" finished-at="2023-01-23T23:43:09 CST">
          <reporter-output>
          </reporter-output>
        </test-method> <!-- morePracticeCheckBoxes -->
        <test-method status="PASS" signature="teardown()[pri:0, instance:scripts.TechGlobalCheckBoxPageTest@13deb50e]" name="teardown" is-config="true" duration-ms="94" started-at="2023-01-23T23:43:09 CST" finished-at="2023-01-23T23:43:09 CST">
          <reporter-output>
          </reporter-output>
        </test-method> <!-- teardown -->
      </class> <!-- scripts.TechGlobalCheckBoxPageTest -->
      <class name="scripts.TechGlobalMultipleWindowsTest">
        <test-method status="PASS" signature="setup()[pri:0, instance:scripts.TechGlobalMultipleWindowsTest@14bf9759]" name="setup" is-config="true" duration-ms="8414" started-at="2023-01-23T23:45:41 CST" finished-at="2023-01-23T23:45:49 CST">
          <reporter-output>
          </reporter-output>
        </test-method> <!-- setup -->
        <test-method status="PASS" signature="setPage()[pri:0, instance:scripts.TechGlobalMultipleWindowsTest@14bf9759]" name="setPage" is-config="true" duration-ms="923" started-at="2023-01-23T23:45:49 CST" finished-at="2023-01-23T23:45:50 CST">
          <reporter-output>
          </reporter-output>
        </test-method> <!-- setPage -->
        <test-method status="PASS" signature="validateTheAppleLink()[pri:1, instance:scripts.TechGlobalMultipleWindowsTest@14bf9759]" name="validateTheAppleLink" duration-ms="4736" started-at="2023-01-23T23:45:50 CST" description="Validate the apple link" finished-at="2023-01-23T23:45:55 CST">
          <reporter-output>
          </reporter-output>
        </test-method> <!-- validateTheAppleLink -->
        <test-method status="PASS" signature="teardown()[pri:0, instance:scripts.TechGlobalMultipleWindowsTest@14bf9759]" name="teardown" is-config="true" duration-ms="171" started-at="2023-01-23T23:45:55 CST" finished-at="2023-01-23T23:45:55 CST">
          <reporter-output>
          </reporter-output>
        </test-method> <!-- teardown -->
        <test-method status="PASS" signature="setup()[pri:0, instance:scripts.TechGlobalMultipleWindowsTest@14bf9759]" name="setup" is-config="true" duration-ms="9157" started-at="2023-01-23T23:45:55 CST" finished-at="2023-01-23T23:46:04 CST">
          <reporter-output>
          </reporter-output>
        </test-method> <!-- setup -->
        <test-method status="PASS" signature="setPage()[pri:0, instance:scripts.TechGlobalMultipleWindowsTest@14bf9759]" name="setPage" is-config="true" duration-ms="903" started-at="2023-01-23T23:46:04 CST" finished-at="2023-01-23T23:46:05 CST">
          <reporter-output>
          </reporter-output>
        </test-method> <!-- setPage -->
        <test-method status="PASS" signature="validateLinkURLs()[pri:2, instance:scripts.TechGlobalMultipleWindowsTest@14bf9759]" name="validateLinkURLs" duration-ms="7687" started-at="2023-01-23T23:46:05 CST" description="validate Link urls" finished-at="2023-01-23T23:46:13 CST">
          <reporter-output>
          </reporter-output>
        </test-method> <!-- validateLinkURLs -->
        <test-method status="PASS" signature="teardown()[pri:0, instance:scripts.TechGlobalMultipleWindowsTest@14bf9759]" name="teardown" is-config="true" duration-ms="162" started-at="2023-01-23T23:46:13 CST" finished-at="2023-01-23T23:46:13 CST">
          <reporter-output>
          </reporter-output>
        </test-method> <!-- teardown -->
      </class> <!-- scripts.TechGlobalMultipleWindowsTest -->
      <class name="scripts.TechGlobalHeaderTest">
        <test-method status="PASS" signature="setup()[pri:0, instance:scripts.TechGlobalHeaderTest@57fffcd7]" name="setup" is-config="true" duration-ms="8524" started-at="2023-01-23T23:43:37 CST" finished-at="2023-01-23T23:43:46 CST">
          <reporter-output>
          </reporter-output>
        </test-method> <!-- setup -->
        <test-method status="PASS" signature="validateTechGlobalHeaderDropdownOptions()[pri:2, instance:scripts.TechGlobalHeaderTest@57fffcd7]" name="validateTechGlobalHeaderDropdownOptions" duration-ms="424" started-at="2023-01-23T23:43:46 CST" finished-at="2023-01-23T23:43:46 CST">
          <reporter-output>
          </reporter-output>
        </test-method> <!-- validateTechGlobalHeaderDropdownOptions -->
        <test-method status="PASS" signature="teardown()[pri:0, instance:scripts.TechGlobalHeaderTest@57fffcd7]" name="teardown" is-config="true" duration-ms="88" started-at="2023-01-23T23:43:46 CST" finished-at="2023-01-23T23:43:46 CST">
          <reporter-output>
          </reporter-output>
        </test-method> <!-- teardown -->
      </class> <!-- scripts.TechGlobalHeaderTest -->
      <class name="scripts.TechGlobalDropdownsTest">
        <test-method status="PASS" signature="setup()[pri:0, instance:scripts.TechGlobalDropdownsTest@3c0ecd4b]" name="setup" is-config="true" duration-ms="9094" started-at="2023-01-23T23:44:51 CST" finished-at="2023-01-23T23:45:00 CST">
          <reporter-output>
          </reporter-output>
        </test-method> <!-- setup -->
        <test-method status="PASS" signature="setPage()[pri:0, instance:scripts.TechGlobalDropdownsTest@3c0ecd4b]" name="setPage" is-config="true" duration-ms="1105" started-at="2023-01-23T23:45:00 CST" finished-at="2023-01-23T23:45:01 CST">
          <reporter-output>
          </reporter-output>
        </test-method> <!-- setPage -->
        <test-method status="PASS" signature="selectDeliveryOption()[pri:1, instance:scripts.TechGlobalDropdownsTest@3c0ecd4b]" name="selectDeliveryOption" duration-ms="5258" started-at="2023-01-23T23:45:01 CST" description="Select Delivery option" finished-at="2023-01-23T23:45:07 CST">
          <reporter-output>
          </reporter-output>
        </test-method> <!-- selectDeliveryOption -->
        <test-method status="PASS" signature="teardown()[pri:0, instance:scripts.TechGlobalDropdownsTest@3c0ecd4b]" name="teardown" is-config="true" duration-ms="112" started-at="2023-01-23T23:45:07 CST" finished-at="2023-01-23T23:45:07 CST">
          <reporter-output>
          </reporter-output>
        </test-method> <!-- teardown -->
        <test-method status="PASS" signature="setup()[pri:0, instance:scripts.TechGlobalDropdownsTest@3c0ecd4b]" name="setup" is-config="true" duration-ms="8512" started-at="2023-01-23T23:45:07 CST" finished-at="2023-01-23T23:45:15 CST">
          <reporter-output>
          </reporter-output>
        </test-method> <!-- setup -->
        <test-method status="PASS" signature="setPage()[pri:0, instance:scripts.TechGlobalDropdownsTest@3c0ecd4b]" name="setPage" is-config="true" duration-ms="894" started-at="2023-01-23T23:45:15 CST" finished-at="2023-01-23T23:45:16 CST">
          <reporter-output>
          </reporter-output>
        </test-method> <!-- setPage -->
        <test-method status="PASS" signature="selectProductOption()[pri:2, instance:scripts.TechGlobalDropdownsTest@3c0ecd4b]" name="selectProductOption" duration-ms="131" started-at="2023-01-23T23:45:16 CST" description=" select iPhone 14 Pro option" finished-at="2023-01-23T23:45:16 CST">
          <reporter-output>
          </reporter-output>
        </test-method> <!-- selectProductOption -->
        <test-method status="PASS" signature="teardown()[pri:0, instance:scripts.TechGlobalDropdownsTest@3c0ecd4b]" name="teardown" is-config="true" duration-ms="94" started-at="2023-01-23T23:45:16 CST" finished-at="2023-01-23T23:45:16 CST">
          <reporter-output>
          </reporter-output>
        </test-method> <!-- teardown -->
        <test-method status="PASS" signature="setup()[pri:0, instance:scripts.TechGlobalDropdownsTest@3c0ecd4b]" name="setup" is-config="true" duration-ms="8354" started-at="2023-01-23T23:45:16 CST" finished-at="2023-01-23T23:45:25 CST">
          <reporter-output>
          </reporter-output>
        </test-method> <!-- setup -->
        <test-method status="PASS" signature="setPage()[pri:0, instance:scripts.TechGlobalDropdownsTest@3c0ecd4b]" name="setPage" is-config="true" duration-ms="871" started-at="2023-01-23T23:45:25 CST" finished-at="2023-01-23T23:45:26 CST">
          <reporter-output>
          </reporter-output>
        </test-method> <!-- setPage -->
        <test-method status="PASS" signature="selectColorOption()[pri:3, instance:scripts.TechGlobalDropdownsTest@3c0ecd4b]" name="selectColorOption" duration-ms="141" started-at="2023-01-23T23:45:26 CST" description="select Yellow option" finished-at="2023-01-23T23:45:26 CST">
          <reporter-output>
          </reporter-output>
        </test-method> <!-- selectColorOption -->
        <test-method status="PASS" signature="teardown()[pri:0, instance:scripts.TechGlobalDropdownsTest@3c0ecd4b]" name="teardown" is-config="true" duration-ms="85" started-at="2023-01-23T23:45:26 CST" finished-at="2023-01-23T23:45:26 CST">
          <reporter-output>
          </reporter-output>
        </test-method> <!-- teardown -->
        <test-method status="PASS" signature="setup()[pri:0, instance:scripts.TechGlobalDropdownsTest@3c0ecd4b]" name="setup" is-config="true" duration-ms="8392" started-at="2023-01-23T23:45:26 CST" finished-at="2023-01-23T23:45:34 CST">
          <reporter-output>
          </reporter-output>
        </test-method> <!-- setup -->
        <test-method status="PASS" signature="setPage()[pri:0, instance:scripts.TechGlobalDropdownsTest@3c0ecd4b]" name="setPage" is-config="true" duration-ms="913" started-at="2023-01-23T23:45:34 CST" finished-at="2023-01-23T23:45:35 CST">
          <reporter-output>
          </reporter-output>
        </test-method> <!-- setPage -->
        <test-method status="PASS" signature="validateTheItemSelected()[pri:4, instance:scripts.TechGlobalDropdownsTest@3c0ecd4b]" name="validateTheItemSelected" duration-ms="5494" started-at="2023-01-23T23:45:35 CST" description="validate selected item method" finished-at="2023-01-23T23:45:41 CST">
          <reporter-output>
          </reporter-output>
        </test-method> <!-- validateTheItemSelected -->
        <test-method status="PASS" signature="teardown()[pri:0, instance:scripts.TechGlobalDropdownsTest@3c0ecd4b]" name="teardown" is-config="true" duration-ms="131" started-at="2023-01-23T23:45:41 CST" finished-at="2023-01-23T23:45:41 CST">
          <reporter-output>
          </reporter-output>
        </test-method> <!-- teardown -->
      </class> <!-- scripts.TechGlobalDropdownsTest -->
    </test> <!-- All Functionalities -->
  </suite> <!-- Regression -->
</testng-results>
